Using pre-set license
Built from '2020.2/staging' branch; Version is '2020.2.0b6 (24a0f8b56f72) revision 2400504'; Using compiler version '192528614'; Build Type 'Release'
OS: 'Windows 10  (10.0.0) 64bit' Language: 'en' Physical Memory: 7986 MB
BatchMode: 1, IsHumanControllingUs: 0, StartBugReporterOnCrash: 0, Is64bit: 1, IsPro: 0

 COMMAND LINE ARGUMENTS:
C:\Program Files\Unity\Hub\Editor\2020.2.0b6\Editor\Unity.exe
-adb2
-batchMode
-noUpm
-name
AssetImportWorker0
-projectPath
C:/Users/mijst/Documents/GitHub/HKU J1 P2/Bulding playfolWorld/playfull word
-logFile
Logs/AssetImportWorker0.log
-srvPort
50092
Successfully changed project path to: C:/Users/mijst/Documents/GitHub/HKU J1 P2/Bulding playfolWorld/playfull word
C:/Users/mijst/Documents/GitHub/HKU J1 P2/Bulding playfolWorld/playfull word
Using Asset Import Pipeline V2.
Refreshing native plugins compatible for Editor in 382.32 ms, found 0 plugins.
Preloading 0 native plugins for Editor in 0.00 ms.
Initialize engine version: 2020.2.0b6 (24a0f8b56f72)
[Subsystems] Discovering subsystems at path C:/Program Files/Unity/Hub/Editor/2020.2.0b6/Editor/Data/Resources/UnitySubsystems
[Subsystems] Discovering subsystems at path C:/Users/mijst/Documents/GitHub/HKU J1 P2/Bulding playfolWorld/playfull word/Assets
GfxDevice: creating device client; threaded=0
Direct3D:
    Version:  Direct3D 11.0 [level 11.0]
    Renderer: NVIDIA GeForce GTX 950M (ID=0x139a)
    Vendor:   
    VRAM:     2018 MB
    Driver:   21.21.13.7654
Shader 'ASESampleShaders/Terrain/TerrainSnowCoverageFirstPass': dependency 'BaseMapShader' shader 'ASESampleShaders/TerrainBase' not found
Initialize mono
Mono path[0] = 'C:/Program Files/Unity/Hub/Editor/2020.2.0b6/Editor/Data/Managed'
Mono path[1] = 'C:/Program Files/Unity/Hub/Editor/2020.2.0b6/Editor/Data/MonoBleedingEdge/lib/mono/unityjit'
Mono config path = 'C:/Program Files/Unity/Hub/Editor/2020.2.0b6/Editor/Data/MonoBleedingEdge/etc'
Using monoOptions --debugger-agent=transport=dt_socket,embedding=1,server=y,suspend=n,address=127.0.0.1:56776
Begin MonoManager ReloadAssembly
Registering precompiled unity dll's ...
Register platform support module: C:/Program Files/Unity/Hub/Editor/2020.2.0b6/Editor/Data/PlaybackEngines/WindowsStandaloneSupport/UnityEditor.WindowsStandalone.Extensions.dll
Registered in 0.018195 seconds.
Native extension for WindowsStandalone target not found
Refreshing native plugins compatible for Editor in 512.73 ms, found 0 plugins.
Preloading 0 native plugins for Editor in 0.00 ms.
Invoked RoslynAnalysisRunner static constructor.
RoslynAnalysisRunner will not be running.
RoslynAnalysisRunner has terminated.
Mono: successfully reloaded assembly
- Completed reload, in  9.349 seconds
Platform modules already initialized, skipping
Registering precompiled user dll's ...
Registered in 0.005406 seconds.
Begin MonoManager ReloadAssembly
Symbol file LoadedFromMemory doesn't match image C:\Users\mijst\Documents\GitHub\HKU J1 P2\Bulding playfolWorld\playfull word\Library\PackageCache\com.unity.ext.nunit@1.0.0\net35\unity-custom\nunit.framework.dll
Native extension for WindowsStandalone target not found
Refreshing native plugins compatible for Editor in 14.71 ms, found 0 plugins.
Preloading 0 native plugins for Editor in 0.00 ms.
Invoked RoslynAnalysisRunner static constructor.
RoslynAnalysisRunner will not be running.
RoslynAnalysisRunner has terminated.
Mono: successfully reloaded assembly
- Completed reload, in  4.153 seconds
Platform modules already initialized, skipping
========================================================================
Worker process is ready to serve import requests
Shader 'ASESampleShaders/Terrain/TerrainSnowCoverageFirstPass': dependency 'BaseMapShader' shader 'ASESampleShaders/TerrainBase' not found
Launched and connected shader compiler UnityShaderCompiler.exe after 0.20 seconds
Refreshing native plugins compatible for Editor in 4.04 ms, found 0 plugins.
Preloading 0 native plugins for Editor in 0.00 ms.
Unloading 2062 Unused Serialized files (Serialized files now loaded: 0)
System memory in use before: 190.0 MB.
System memory in use after: 188.0 MB.

Unloading 16 unused Assets to reduce memory usage. Loaded Objects now: 2533.
Total: 13.139100 ms (FindLiveObjects: 1.329800 ms CreateObjectMapping: 1.117700 ms MarkObjects: 7.001500 ms  DeleteObjects: 3.601200 ms)

========================================================================
Received Import Request.
  path: Assets/Scenes/Ghost_Profiles/FPSController Profile.asset
  artifactKey: Guid(d22c674029278e348b2fe8bead996401) Importer(815301076,1909f56bfc062723c751e8b465ee728b)
Start importing Assets/Scenes/Ghost_Profiles/FPSController Profile.asset using Guid(d22c674029278e348b2fe8bead996401) Importer(815301076,1909f56bfc062723c751e8b465ee728b)  -> (artifact id: '0fe574704b86027b2f3e7c71b3e5f4ce') in 0.467471 seconds
  Import took 0.515724 seconds .

========================================================================
Received Import Request.
  Time since last request: 28.487820 seconds.
  path: Assets/Scenes/Ghost_Profiles/FPSController Profile.asset
  artifactKey: Guid(d22c674029278e348b2fe8bead996401) Importer(815301076,1909f56bfc062723c751e8b465ee728b)
Start importing Assets/Scenes/Ghost_Profiles/FPSController Profile.asset using Guid(d22c674029278e348b2fe8bead996401) Importer(815301076,1909f56bfc062723c751e8b465ee728b)  -> (artifact id: '3b8228590eb34d66df987fc925cdfdd9') in 0.021736 seconds
  Import took 0.066673 seconds .

========================================================================
Received Import Request.
  Time since last request: 0.006079 seconds.
  path: Assets/Scenes/Ghost_Profiles/FPSController Profile.asset
  artifactKey: Guid(d22c674029278e348b2fe8bead996401) Importer(815301076,1909f56bfc062723c751e8b465ee728b)
Start importing Assets/Scenes/Ghost_Profiles/FPSController Profile.asset using Guid(d22c674029278e348b2fe8bead996401) Importer(815301076,1909f56bfc062723c751e8b465ee728b)  -> (artifact id: '3b8228590eb34d66df987fc925cdfdd9') in 0.074599 seconds
  Import took 0.104790 seconds .

========================================================================
Received Import Request.
  Time since last request: 579.046894 seconds.
  path: Assets/Scenes/Scene_1/ReflectionProbe-2.exr
  artifactKey: Guid(5340cbbfc2b390f43b177a14ab15790a) Importer(815301076,1909f56bfc062723c751e8b465ee728b)
Start importing Assets/Scenes/Scene_1/ReflectionProbe-2.exr using Guid(5340cbbfc2b390f43b177a14ab15790a) Importer(815301076,1909f56bfc062723c751e8b465ee728b)  -> (artifact id: '05667c3126dfacfb6ff6623b4cdf6698') in 0.313944 seconds
  Import took 0.338209 seconds .

========================================================================
Received Import Request.
  Time since last request: 70.312012 seconds.
  path: Assets/Scenes/Ghost_Profiles/FPSController Profile.asset
  artifactKey: Guid(d22c674029278e348b2fe8bead996401) Importer(815301076,1909f56bfc062723c751e8b465ee728b)
Start importing Assets/Scenes/Ghost_Profiles/FPSController Profile.asset using Guid(d22c674029278e348b2fe8bead996401) Importer(815301076,1909f56bfc062723c751e8b465ee728b)  -> (artifact id: '82de8a14618d0f099fcafb3245a92302') in 0.011809 seconds
  Import took 0.066780 seconds .

========================================================================
Received Import Request.
  Time since last request: 0.000882 seconds.
  path: Assets/Scenes/Ghost_Profiles/lightmap.lighting
  artifactKey: Guid(9dd27f0136762b3458d3934439ecea86) Importer(815301076,1909f56bfc062723c751e8b465ee728b)
Start importing Assets/Scenes/Ghost_Profiles/lightmap.lighting using Guid(9dd27f0136762b3458d3934439ecea86) Importer(815301076,1909f56bfc062723c751e8b465ee728b) LightingSettings: switching bake backend from 1 to 2.
 -> (artifact id: '73465c4f32b1a89d3e1e547618dce909') in 0.016504 seconds
  Import took 0.092808 seconds .

========================================================================
Received Prepare
Reloading mono domain
Begin MonoManager ReloadAssembly
Registering precompiled unity dll's ...
Register platform support module: C:/Program Files/Unity/Hub/Editor/2020.2.0b6/Editor/Data/PlaybackEngines/WindowsStandaloneSupport/UnityEditor.WindowsStandalone.Extensions.dll
Registered in 0.003575 seconds.
Symbol file LoadedFromMemory doesn't match image C:\Users\mijst\Documents\GitHub\HKU J1 P2\Bulding playfolWorld\playfull word\Library\PackageCache\com.unity.ext.nunit@1.0.0\net35\unity-custom\nunit.framework.dll
Native extension for WindowsStandalone target not found
Refreshing native plugins compatible for Editor in 241.29 ms, found 0 plugins.
Preloading 0 native plugins for Editor in 0.00 ms.
Invoked RoslynAnalysisRunner static constructor.
RoslynAnalysisRunner will not be running.
RoslynAnalysisRunner has terminated.
Mono: successfully reloaded assembly
- Completed reload, in  3.340 seconds
Platform modules already initialized, skipping
Registering precompiled user dll's ...
Registered in 0.001260 seconds.
Begin MonoManager ReloadAssembly
Symbol file LoadedFromMemory doesn't match image C:\Users\mijst\Documents\GitHub\HKU J1 P2\Bulding playfolWorld\playfull word\Library\PackageCache\com.unity.ext.nunit@1.0.0\net35\unity-custom\nunit.framework.dll
Native extension for WindowsStandalone target not found
Refreshing native plugins compatible for Editor in 2.63 ms, found 0 plugins.
Preloading 0 native plugins for Editor in 0.00 ms.
Invoked RoslynAnalysisRunner static constructor.
RoslynAnalysisRunner will not be running.
RoslynAnalysisRunner has terminated.
Mono: successfully reloaded assembly
- Completed reload, in  2.659 seconds
Platform modules already initialized, skipping
Shader 'ASESampleShaders/Terrain/TerrainSnowCoverageFirstPass': dependency 'BaseMapShader' shader 'ASESampleShaders/TerrainBase' not found
Refreshing native plugins compatible for Editor in 4.39 ms, found 0 plugins.
Preloading 0 native plugins for Editor in 0.00 ms.
Unloading 12 Unused Serialized files (Serialized files now loaded: 0)
System memory in use before: 133.8 MB.
System memory in use after: 131.8 MB.

Unloading 11 unused Assets to reduce memory usage. Loaded Objects now: 2569.
Total: 16.147700 ms (FindLiveObjects: 1.130400 ms CreateObjectMapping: 1.648200 ms MarkObjects: 7.046800 ms  DeleteObjects: 6.315100 ms)

========================================================================
Received Prepare
Reloading mono domain
Begin MonoManager ReloadAssembly
Registering precompiled unity dll's ...
Register platform support module: C:/Program Files/Unity/Hub/Editor/2020.2.0b6/Editor/Data/PlaybackEngines/WindowsStandaloneSupport/UnityEditor.WindowsStandalone.Extensions.dll
Registered in 0.003834 seconds.
Symbol file LoadedFromMemory doesn't match image C:\Users\mijst\Documents\GitHub\HKU J1 P2\Bulding playfolWorld\playfull word\Library\PackageCache\com.unity.ext.nunit@1.0.0\net35\unity-custom\nunit.framework.dll
Native extension for WindowsStandalone target not found
Refreshing native plugins compatible for Editor in 182.10 ms, found 0 plugins.
Preloading 0 native plugins for Editor in 0.00 ms.
Invoked RoslynAnalysisRunner static constructor.
RoslynAnalysisRunner will not be running.
RoslynAnalysisRunner has terminated.
Mono: successfully reloaded assembly
- Completed reload, in  2.791 seconds
Platform modules already initialized, skipping
Registering precompiled user dll's ...
Registered in 0.001264 seconds.
Begin MonoManager ReloadAssembly
Symbol file LoadedFromMemory doesn't match image C:\Users\mijst\Documents\GitHub\HKU J1 P2\Bulding playfolWorld\playfull word\Library\PackageCache\com.unity.ext.nunit@1.0.0\net35\unity-custom\nunit.framework.dll
Native extension for WindowsStandalone target not found
Refreshing native plugins compatible for Editor in 0.91 ms, found 0 plugins.
Preloading 0 native plugins for Editor in 0.00 ms.
Invoked RoslynAnalysisRunner static constructor.
RoslynAnalysisRunner will not be running.
RoslynAnalysisRunner has terminated.
Mono: successfully reloaded assembly
- Completed reload, in  2.219 seconds
Platform modules already initialized, skipping
Shader 'ASESampleShaders/Terrain/TerrainSnowCoverageFirstPass': dependency 'BaseMapShader' shader 'ASESampleShaders/TerrainBase' not found
Refreshing native plugins compatible for Editor in 1.20 ms, found 0 plugins.
Preloading 0 native plugins for Editor in 0.00 ms.
Unloading 12 Unused Serialized files (Serialized files now loaded: 0)
System memory in use before: 133.8 MB.
System memory in use after: 131.8 MB.

Unloading 11 unused Assets to reduce memory usage. Loaded Objects now: 2573.
Total: 6.024600 ms (FindLiveObjects: 0.664600 ms CreateObjectMapping: 0.140900 ms MarkObjects: 3.025800 ms  DeleteObjects: 2.190500 ms)

AssetImportWorkerClient::OnTransportError - code=2 error=End of file
