Using pre-set license
Built from '2020.2/staging' branch; Version is '2020.2.0b6 (24a0f8b56f72) revision 2400504'; Using compiler version '192528614'; Build Type 'Release'
OS: 'Windows 10  (10.0.0) 64bit' Language: 'en' Physical Memory: 7986 MB
BatchMode: 1, IsHumanControllingUs: 0, StartBugReporterOnCrash: 0, Is64bit: 1, IsPro: 0

 COMMAND LINE ARGUMENTS:
C:\Program Files\Unity\Hub\Editor\2020.2.0b6\Editor\Unity.exe
-adb2
-batchMode
-noUpm
-name
AssetImportWorker2
-projectPath
C:/Users/mijst/Documents/GitHub/HKU J1 P2/Bulding playfolWorld/playfull word
-logFile
Logs/AssetImportWorker2.log
-srvPort
53943
Successfully changed project path to: C:/Users/mijst/Documents/GitHub/HKU J1 P2/Bulding playfolWorld/playfull word
C:/Users/mijst/Documents/GitHub/HKU J1 P2/Bulding playfolWorld/playfull word
Using Asset Import Pipeline V2.
Refreshing native plugins compatible for Editor in 100.28 ms, found 0 plugins.
Preloading 0 native plugins for Editor in 0.00 ms.
Initialize engine version: 2020.2.0b6 (24a0f8b56f72)
[Subsystems] Discovering subsystems at path C:/Program Files/Unity/Hub/Editor/2020.2.0b6/Editor/Data/Resources/UnitySubsystems
[Subsystems] Discovering subsystems at path C:/Users/mijst/Documents/GitHub/HKU J1 P2/Bulding playfolWorld/playfull word/Assets
GfxDevice: creating device client; threaded=0
Direct3D:
    Version:  Direct3D 11.0 [level 11.0]
    Renderer: NVIDIA GeForce GTX 950M (ID=0x139a)
    Vendor:   
    VRAM:     2018 MB
    Driver:   21.21.13.7654
Shader 'ASESampleShaders/Terrain/TerrainSnowCoverageFirstPass': dependency 'BaseMapShader' shader 'ASESampleShaders/TerrainBase' not found
Initialize mono
Mono path[0] = 'C:/Program Files/Unity/Hub/Editor/2020.2.0b6/Editor/Data/Managed'
Mono path[1] = 'C:/Program Files/Unity/Hub/Editor/2020.2.0b6/Editor/Data/MonoBleedingEdge/lib/mono/unityjit'
Mono config path = 'C:/Program Files/Unity/Hub/Editor/2020.2.0b6/Editor/Data/MonoBleedingEdge/etc'
Using monoOptions --debugger-agent=transport=dt_socket,embedding=1,server=y,suspend=n,address=127.0.0.1:56524
Begin MonoManager ReloadAssembly
Registering precompiled unity dll's ...
Register platform support module: C:/Program Files/Unity/Hub/Editor/2020.2.0b6/Editor/Data/PlaybackEngines/WindowsStandaloneSupport/UnityEditor.WindowsStandalone.Extensions.dll
Registered in 0.001980 seconds.
Native extension for WindowsStandalone target not found
Refreshing native plugins compatible for Editor in 83.60 ms, found 0 plugins.
Preloading 0 native plugins for Editor in 0.00 ms.
Invoked RoslynAnalysisRunner static constructor.
RoslynAnalysisRunner will not be running.
RoslynAnalysisRunner has terminated.
Mono: successfully reloaded assembly
- Completed reload, in  1.575 seconds
Platform modules already initialized, skipping
Registering precompiled user dll's ...
Registered in 0.001910 seconds.
Begin MonoManager ReloadAssembly
Symbol file LoadedFromMemory doesn't match image C:\Users\mijst\Documents\GitHub\HKU J1 P2\Bulding playfolWorld\playfull word\Library\PackageCache\com.unity.ext.nunit@1.0.0\net35\unity-custom\nunit.framework.dll
Native extension for WindowsStandalone target not found
Refreshing native plugins compatible for Editor in 0.85 ms, found 0 plugins.
Preloading 0 native plugins for Editor in 0.00 ms.
Invoked RoslynAnalysisRunner static constructor.
RoslynAnalysisRunner will not be running.
RoslynAnalysisRunner has terminated.
Mono: successfully reloaded assembly
- Completed reload, in  1.323 seconds
Platform modules already initialized, skipping
========================================================================
Worker process is ready to serve import requests
Shader 'ASESampleShaders/Terrain/TerrainSnowCoverageFirstPass': dependency 'BaseMapShader' shader 'ASESampleShaders/TerrainBase' not found
Launched and connected shader compiler UnityShaderCompiler.exe after 0.08 seconds
Refreshing native plugins compatible for Editor in 0.55 ms, found 0 plugins.
Preloading 0 native plugins for Editor in 0.00 ms.
Unloading 2061 Unused Serialized files (Serialized files now loaded: 0)
System memory in use before: 188.2 MB.
System memory in use after: 186.2 MB.

Unloading 16 unused Assets to reduce memory usage. Loaded Objects now: 2527.
Total: 4.631100 ms (FindLiveObjects: 0.613300 ms CreateObjectMapping: 0.153800 ms MarkObjects: 1.935500 ms  DeleteObjects: 1.922600 ms)

========================================================================
Received Import Request.
  path: Assets/shaders/stuf/Water/MA_WaterShrine.mat
  artifactKey: Guid(cf73a01a2a98ea74d8b871f1203fa133) Importer(815301076,1909f56bfc062723c751e8b465ee728b)
Start importing Assets/shaders/stuf/Water/MA_WaterShrine.mat using Guid(cf73a01a2a98ea74d8b871f1203fa133) Importer(815301076,1909f56bfc062723c751e8b465ee728b)  -> (artifact id: '15878caf0d49b1fa3a97ebe4eaad4e3c') in 0.171685 seconds
  Import took 0.178560 seconds .

========================================================================
Received Import Request.
  Time since last request: 37.421008 seconds.
  path: Assets/Standard Assets/Effects/Projectors/Textures/Falloff.psd
  artifactKey: Guid(23740055e2b119e40a939138ab8070f8) Importer(815301076,1909f56bfc062723c751e8b465ee728b)
Start importing Assets/Standard Assets/Effects/Projectors/Textures/Falloff.psd using Guid(23740055e2b119e40a939138ab8070f8) Importer(815301076,1909f56bfc062723c751e8b465ee728b)  -> (artifact id: 'c0ea7291ac9ce1373f003869b2dc1265') in 0.065460 seconds
  Import took 0.074832 seconds .

========================================================================
Received Import Request.
  Time since last request: 0.004754 seconds.
  path: Assets/Standard Assets/Effects/Projectors/Textures/Falloff.psd
  artifactKey: Guid(23740055e2b119e40a939138ab8070f8) Importer(815301076,1909f56bfc062723c751e8b465ee728b)
Start importing Assets/Standard Assets/Effects/Projectors/Textures/Falloff.psd using Guid(23740055e2b119e40a939138ab8070f8) Importer(815301076,1909f56bfc062723c751e8b465ee728b)  -> (artifact id: 'c0ea7291ac9ce1373f003869b2dc1265') in 0.016802 seconds
  Import took 0.024911 seconds .

========================================================================
Received Import Request.
  Time since last request: 1.030117 seconds.
  path: Assets/shaders/Package/AmplifyShaderEditor/Plugins/EditorResources/UI/Buttons/FitView.png
  artifactKey: Guid(1def740f2314c6b4691529cadeee2e9c) Importer(815301076,1909f56bfc062723c751e8b465ee728b)
Start importing Assets/shaders/Package/AmplifyShaderEditor/Plugins/EditorResources/UI/Buttons/FitView.png using Guid(1def740f2314c6b4691529cadeee2e9c) Importer(815301076,1909f56bfc062723c751e8b465ee728b)  -> (artifact id: 'f3c4c257bca76e012889c920e6c718bc') in 0.026204 seconds
  Import took 0.035551 seconds .

========================================================================
Received Import Request.
  Time since last request: 0.000448 seconds.
  path: Assets/Standard Assets/Effects/LightFlares/Textures/FlareStar.psd
  artifactKey: Guid(51dc82ef9d11c594d000e7c9e39e7c39) Importer(815301076,1909f56bfc062723c751e8b465ee728b)
Start importing Assets/Standard Assets/Effects/LightFlares/Textures/FlareStar.psd using Guid(51dc82ef9d11c594d000e7c9e39e7c39) Importer(815301076,1909f56bfc062723c751e8b465ee728b)  -> (artifact id: '8b85aefed0bb3ccd926bdd93528950f9') in 0.023691 seconds
  Import took 0.031236 seconds .

========================================================================
Received Import Request.
  Time since last request: 0.000399 seconds.
  path: Assets/shaders/Package/AmplifyShaderEditor/Examples/Official/DoubleLayerCustomSurface/FlakesNormal.png
  artifactKey: Guid(a268ab862991c4743a9281c69bb2c36a) Importer(815301076,1909f56bfc062723c751e8b465ee728b)
Start importing Assets/shaders/Package/AmplifyShaderEditor/Examples/Official/DoubleLayerCustomSurface/FlakesNormal.png using Guid(a268ab862991c4743a9281c69bb2c36a) Importer(815301076,1909f56bfc062723c751e8b465ee728b)  -> (artifact id: '532078c11140672a27615457597446f3') in 0.072528 seconds
  Import took 0.081661 seconds .

========================================================================
Received Import Request.
  Time since last request: 0.000498 seconds.
  path: Assets/shaders/Package/AmplifyShaderEditor/Plugins/EditorResources/UI/Buttons/FitView.png
  artifactKey: Guid(1def740f2314c6b4691529cadeee2e9c) Importer(815301076,1909f56bfc062723c751e8b465ee728b)
Start importing Assets/shaders/Package/AmplifyShaderEditor/Plugins/EditorResources/UI/Buttons/FitView.png using Guid(1def740f2314c6b4691529cadeee2e9c) Importer(815301076,1909f56bfc062723c751e8b465ee728b)  -> (artifact id: 'f3c4c257bca76e012889c920e6c718bc') in 0.010207 seconds
  Import took 0.017642 seconds .

========================================================================
Received Import Request.
  Time since last request: 0.000349 seconds.
  path: Assets/Standard Assets/Effects/LightCookies/Textures/FlashlightCookie.tif
  artifactKey: Guid(2c29c08dd1c0b6749b7cd0fcff7a29fd) Importer(815301076,1909f56bfc062723c751e8b465ee728b)
Start importing Assets/Standard Assets/Effects/LightCookies/Textures/FlashlightCookie.tif using Guid(2c29c08dd1c0b6749b7cd0fcff7a29fd) Importer(815301076,1909f56bfc062723c751e8b465ee728b)  -> (artifact id: 'a258b91ec7e79a3f571b7664a7e30e44') in 0.047665 seconds
  Import took 0.059083 seconds .

========================================================================
Received Import Request.
  Time since last request: 0.000563 seconds.
  path: Assets/shaders/Package/AmplifyShaderEditor/Examples/Official/DoubleLayerCustomSurface/Flakes.png
  artifactKey: Guid(2741be98b31d56c43ad9cfbcaf99a799) Importer(815301076,1909f56bfc062723c751e8b465ee728b)
Start importing Assets/shaders/Package/AmplifyShaderEditor/Examples/Official/DoubleLayerCustomSurface/Flakes.png using Guid(2741be98b31d56c43ad9cfbcaf99a799) Importer(815301076,1909f56bfc062723c751e8b465ee728b)  -> (artifact id: 'e1bf8f0a2bb9189cf9f8fda319249757') in 0.032984 seconds
  Import took 0.040613 seconds .

========================================================================
Received Import Request.
  Time since last request: 0.000334 seconds.
  path: Assets/Standard Assets/Effects/LightFlares/Textures/Flare50mm.psd
  artifactKey: Guid(23a02ac18d11c9ffa0009c58a8ad6659) Importer(815301076,1909f56bfc062723c751e8b465ee728b)
Start importing Assets/Standard Assets/Effects/LightFlares/Textures/Flare50mm.psd using Guid(23a02ac18d11c9ffa0009c58a8ad6659) Importer(815301076,1909f56bfc062723c751e8b465ee728b)  -> (artifact id: '270d4478a0451d28d6473429f55345a4') in 0.027708 seconds
  Import took 0.040429 seconds .

========================================================================
Received Import Request.
  Time since last request: 0.000465 seconds.
  path: Assets/shaders/Package/AmplifyShaderEditor/Plugins/EditorResources/Textures/flat.png
  artifactKey: Guid(194a51ad3c0179644abea3f196c5ebe6) Importer(815301076,1909f56bfc062723c751e8b465ee728b)
Start importing Assets/shaders/Package/AmplifyShaderEditor/Plugins/EditorResources/Textures/flat.png using Guid(194a51ad3c0179644abea3f196c5ebe6) Importer(815301076,1909f56bfc062723c751e8b465ee728b)  -> (artifact id: 'e08d2d632b4a82c43bee9c0c4e499eb4') in 0.027257 seconds
  Import took 0.034042 seconds .

========================================================================
Received Import Request.
  Time since last request: 0.000772 seconds.
  path: Assets/Standard Assets/Effects/LightCookies/Textures/FlashlightIrregularCookie.tif
  artifactKey: Guid(641bb2dce818a8a499b537a1963889ac) Importer(815301076,1909f56bfc062723c751e8b465ee728b)
Start importing Assets/Standard Assets/Effects/LightCookies/Textures/FlashlightIrregularCookie.tif using Guid(641bb2dce818a8a499b537a1963889ac) Importer(815301076,1909f56bfc062723c751e8b465ee728b)  -> (artifact id: '946bc45fd255614e25d1031415fb98e7') in 0.038494 seconds
  Import took 0.047764 seconds .

========================================================================
Received Import Request.
  Time since last request: 0.000271 seconds.
  path: Assets/shaders/Package/AmplifyShaderEditor/Examples/Official/UISpriteFX/FlowLine.png
  artifactKey: Guid(7b0842e3d0da6bf468f08b4a0ad9db9b) Importer(815301076,1909f56bfc062723c751e8b465ee728b)
Start importing Assets/shaders/Package/AmplifyShaderEditor/Examples/Official/UISpriteFX/FlowLine.png using Guid(7b0842e3d0da6bf468f08b4a0ad9db9b) Importer(815301076,1909f56bfc062723c751e8b465ee728b)  -> (artifact id: '9f622d219a28fb318e3ef7e221b5f8a8') in 0.022575 seconds
  Import took 0.030649 seconds .

========================================================================
Received Import Request.
  Time since last request: 0.002281 seconds.
  path: Assets/SampleScenes/Textures/FlyerAsteroidEmissive.tif
  artifactKey: Guid(a9a5231a693155f4f8ba0baa0e33af35) Importer(815301076,1909f56bfc062723c751e8b465ee728b)
Start importing Assets/SampleScenes/Textures/FlyerAsteroidEmissive.tif using Guid(a9a5231a693155f4f8ba0baa0e33af35) Importer(815301076,1909f56bfc062723c751e8b465ee728b)  -> (artifact id: '705717130a671758384f93a7574fb0e1') in 0.034667 seconds
  Import took 0.042315 seconds .

========================================================================
Received Import Request.
  Time since last request: 0.000325 seconds.
  path: Assets/SampleScenes/Textures/FlyerPlayershipEmission.tif
  artifactKey: Guid(eb5828203f3400a4b96753d2bf40c876) Importer(815301076,1909f56bfc062723c751e8b465ee728b)
Start importing Assets/SampleScenes/Textures/FlyerPlayershipEmission.tif using Guid(eb5828203f3400a4b96753d2bf40c876) Importer(815301076,1909f56bfc062723c751e8b465ee728b)  -> (artifact id: '8683c9a614ad00b433238f4d3c5f7d78') in 0.021098 seconds
  Import took 0.029173 seconds .

========================================================================
Received Import Request.
  Time since last request: 0.000334 seconds.
  path: Assets/SampleScenes/Textures/FlyerPlayershipOcclusion.tif
  artifactKey: Guid(2cf28051c91a64947a27d86020bf21b9) Importer(815301076,1909f56bfc062723c751e8b465ee728b)
Start importing Assets/SampleScenes/Textures/FlyerPlayershipOcclusion.tif using Guid(2cf28051c91a64947a27d86020bf21b9) Importer(815301076,1909f56bfc062723c751e8b465ee728b)  -> (artifact id: 'a970a52d85bd667d625065328acf36e1') in 0.025893 seconds
  Import took 0.032547 seconds .

========================================================================
Received Import Request.
  Time since last request: 0.000336 seconds.
  path: Assets/shaders/Package/AmplifyShaderEditor/Plugins/EditorResources/UI/Buttons/FocusNode.png
  artifactKey: Guid(da673e6179c67d346abb220a6935e359) Importer(815301076,1909f56bfc062723c751e8b465ee728b)
Start importing Assets/shaders/Package/AmplifyShaderEditor/Plugins/EditorResources/UI/Buttons/FocusNode.png using Guid(da673e6179c67d346abb220a6935e359) Importer(815301076,1909f56bfc062723c751e8b465ee728b)  -> (artifact id: '7ed443797d5259458f82c62ce21969ae') in 0.013299 seconds
  Import took 0.020751 seconds .

========================================================================
Received Import Request.
  Time since last request: 0.000443 seconds.
  path: Assets/shaders/Package/AmplifyShaderEditor/Examples/Community/LowPolyWater/foam-001.png
  artifactKey: Guid(9fbef4b79ca3b784ba023cb1331520d5) Importer(815301076,1909f56bfc062723c751e8b465ee728b)
Start importing Assets/shaders/Package/AmplifyShaderEditor/Examples/Community/LowPolyWater/foam-001.png using Guid(9fbef4b79ca3b784ba023cb1331520d5) Importer(815301076,1909f56bfc062723c751e8b465ee728b)  -> (artifact id: '0f21872d10e011c1d0bfcb2d8de9af19') in 0.024140 seconds
  Import took 0.035586 seconds .

========================================================================
Received Import Request.
  Time since last request: 0.000882 seconds.
  path: Assets/Standard Assets/Effects/GlassRefraction/Textures/GlassStainedAlbedo.tif
  artifactKey: Guid(19555d7d9d114c7f1100f5ab44295342) Importer(815301076,1909f56bfc062723c751e8b465ee728b)
Start importing Assets/Standard Assets/Effects/GlassRefraction/Textures/GlassStainedAlbedo.tif using Guid(19555d7d9d114c7f1100f5ab44295342) Importer(815301076,1909f56bfc062723c751e8b465ee728b)  -> (artifact id: '3ee67b4dc0c495ce718f5b1524be1bbd') in 0.040985 seconds
  Import took 0.047901 seconds .

========================================================================
Received Import Request.
  Time since last request: 0.000865 seconds.
  path: Assets/Standard Assets/Effects/GlassRefraction/Textures/GlassStainedNormals.tif
  artifactKey: Guid(4b8d081e9d114c7f1100f5ab44295342) Importer(815301076,1909f56bfc062723c751e8b465ee728b)
Start importing Assets/Standard Assets/Effects/GlassRefraction/Textures/GlassStainedNormals.tif using Guid(4b8d081e9d114c7f1100f5ab44295342) Importer(815301076,1909f56bfc062723c751e8b465ee728b)  -> (artifact id: 'c7ee0b0196f73d94552a8f9eef6a584b') in 0.025721 seconds
  Import took 0.032905 seconds .

========================================================================
Received Import Request.
  Time since last request: 0.000286 seconds.
  path: Assets/shaders/Package/AmplifyShaderEditor/Examples/Community/ForceShield/ForceShieldPattern.png
  artifactKey: Guid(5798ded558355430c8a9b13ee12a847c) Importer(815301076,1909f56bfc062723c751e8b465ee728b)
Start importing Assets/shaders/Package/AmplifyShaderEditor/Examples/Community/ForceShield/ForceShieldPattern.png using Guid(5798ded558355430c8a9b13ee12a847c) Importer(815301076,1909f56bfc062723c751e8b465ee728b)  -> (artifact id: 'f6947e4498b507c41df97420c6f7b700') in 0.037526 seconds
  Import took 0.043975 seconds .

========================================================================
Received Import Request.
  Time since last request: 0.000224 seconds.
  path: Assets/shaders/Package/AmplifyShaderEditor/Examples/Community/LowPolyWater/foam-distortion-001.png
  artifactKey: Guid(cd460ee4ac5c1e746b7a734cc7cc64dd) Importer(815301076,1909f56bfc062723c751e8b465ee728b)
Start importing Assets/shaders/Package/AmplifyShaderEditor/Examples/Community/LowPolyWater/foam-distortion-001.png using Guid(cd460ee4ac5c1e746b7a734cc7cc64dd) Importer(815301076,1909f56bfc062723c751e8b465ee728b)  -> (artifact id: '41335dbe40b3c6abcaecdbfea3b90ac5') in 0.025745 seconds
  Import took 0.034749 seconds .

========================================================================
Received Import Request.
  Time since last request: 0.000315 seconds.
  path: Assets/SampleScenes/Textures/FlyerPlayershipAlbedo.tif
  artifactKey: Guid(512e488bce130734aae5f494c86272be) Importer(815301076,1909f56bfc062723c751e8b465ee728b)
Start importing Assets/SampleScenes/Textures/FlyerPlayershipAlbedo.tif using Guid(512e488bce130734aae5f494c86272be) Importer(815301076,1909f56bfc062723c751e8b465ee728b)  -> (artifact id: '6aad063cc8619fd76fd86a8693e4f2a4') in 0.023933 seconds
  Import took 0.031434 seconds .

========================================================================
Received Import Request.
  Time since last request: 0.000238 seconds.
  path: Assets/shaders/Package/AmplifyShaderEditor/Examples/Community/ForceShield/ForceShieldWaves.png
  artifactKey: Guid(61c0b9c0523734e0e91bc6043c72a490) Importer(815301076,1909f56bfc062723c751e8b465ee728b)
Start importing Assets/shaders/Package/AmplifyShaderEditor/Examples/Community/ForceShield/ForceShieldWaves.png using Guid(61c0b9c0523734e0e91bc6043c72a490) Importer(815301076,1909f56bfc062723c751e8b465ee728b)  -> (artifact id: '0357b678efe1485123d4f9823cda75c8') in 0.039049 seconds
  Import took 0.049146 seconds .

========================================================================
Received Import Request.
  Time since last request: 0.000238 seconds.
  path: Assets/shaders/Package/AmplifyShaderEditor/Examples/Official/UISpriteFX/GlintRamp.png
  artifactKey: Guid(131633c45b26caa4f9673a16077a1970) Importer(815301076,1909f56bfc062723c751e8b465ee728b)
Start importing Assets/shaders/Package/AmplifyShaderEditor/Examples/Official/UISpriteFX/GlintRamp.png using Guid(131633c45b26caa4f9673a16077a1970) Importer(815301076,1909f56bfc062723c751e8b465ee728b)  -> (artifact id: '02d36a2a734c2eb4991518ef7c4c067b') in 0.025927 seconds
  Import took 0.033592 seconds .

========================================================================
Received Import Request.
  Time since last request: 0.000419 seconds.
  path: Assets/shaders/Package/AmplifyShaderEditor/Plugins/EditorResources/Nodes/GPUInstancingIconON.png
  artifactKey: Guid(4b0c2926cc71c5846ae2a29652d54fb6) Importer(815301076,1909f56bfc062723c751e8b465ee728b)
Start importing Assets/shaders/Package/AmplifyShaderEditor/Plugins/EditorResources/Nodes/GPUInstancingIconON.png using Guid(4b0c2926cc71c5846ae2a29652d54fb6) Importer(815301076,1909f56bfc062723c751e8b465ee728b)  -> (artifact id: '687c6a97897a2e06c8938b749d53dfc8') in 0.014513 seconds
  Import took 0.025571 seconds .

========================================================================
Received Import Request.
  Time since last request: 314.887693 seconds.
  path: Assets/shaders/stuf/flomap/flow_normal.png
  artifactKey: Guid(3078bcf83db45e345944f7a89c63ecc0) Importer(815301076,1909f56bfc062723c751e8b465ee728b)
Start importing Assets/shaders/stuf/flomap/flow_normal.png using Guid(3078bcf83db45e345944f7a89c63ecc0) Importer(815301076,1909f56bfc062723c751e8b465ee728b)  -> (artifact id: '3b9302562dcf1c04f2001c1188f34183') in 0.039379 seconds
  Import took 0.047683 seconds .

========================================================================
Received Import Request.
  Time since last request: 0.017299 seconds.
  path: Assets/shaders/stuf/flomap/flow_normal.png
  artifactKey: Guid(3078bcf83db45e345944f7a89c63ecc0) Importer(815301076,1909f56bfc062723c751e8b465ee728b)
Start importing Assets/shaders/stuf/flomap/flow_normal.png using Guid(3078bcf83db45e345944f7a89c63ecc0) Importer(815301076,1909f56bfc062723c751e8b465ee728b)  -> (artifact id: '3b9302562dcf1c04f2001c1188f34183') in 0.019424 seconds
  Import took 0.026406 seconds .

========================================================================
Received Import Request.
  Time since last request: 265.324776 seconds.
  path: Assets/shaders/Package/AmplifyShaderEditor/Examples/Community/LowPolyWater/Credits.txt
  artifactKey: Guid(a7e35e005d35003478c8618e72a72879) Importer(815301076,1909f56bfc062723c751e8b465ee728b)
Start importing Assets/shaders/Package/AmplifyShaderEditor/Examples/Community/LowPolyWater/Credits.txt using Guid(a7e35e005d35003478c8618e72a72879) Importer(815301076,1909f56bfc062723c751e8b465ee728b)  -> (artifact id: '2341040ba5ac406157e37082452ffb15') in 0.030695 seconds
  Import took 0.037435 seconds .

========================================================================
Received Import Request.
  Time since last request: 0.000511 seconds.
  path: Assets/shaders/Package/AmplifyShaderEditor/Examples/Community/LowPolyWater/LowPolyWater.mat
  artifactKey: Guid(0557703d3791a4286a62f8ee709d5bef) Importer(815301076,1909f56bfc062723c751e8b465ee728b)
Start importing Assets/shaders/Package/AmplifyShaderEditor/Examples/Community/LowPolyWater/LowPolyWater.mat using Guid(0557703d3791a4286a62f8ee709d5bef) Importer(815301076,1909f56bfc062723c751e8b465ee728b)  -> (artifact id: '6de1703f9b83e2aa6ca02eb6b6d8b966') in 0.379200 seconds
  Import took 0.389600 seconds .

========================================================================
Received Import Request.
  Time since last request: 0.000398 seconds.
  path: Assets/shaders/Package/AmplifyShaderEditor/Examples/Community/LowPolyWater/LowPolyWater.shader
  artifactKey: Guid(62c4b9a8441c640a892d4019d8ae3e42) Importer(815301076,1909f56bfc062723c751e8b465ee728b)
Start importing Assets/shaders/Package/AmplifyShaderEditor/Examples/Community/LowPolyWater/LowPolyWater.shader using Guid(62c4b9a8441c640a892d4019d8ae3e42) Importer(815301076,1909f56bfc062723c751e8b465ee728b)  -> (artifact id: 'bba55498862f7947435359cedf322251') in 0.012535 seconds
  Import took 0.019308 seconds .

========================================================================
Received Import Request.
  Time since last request: 0.000342 seconds.
  path: Assets/shaders/Package/AmplifyShaderEditor/Examples/Community/LowPolyWater/LowPolyWater.mat
  artifactKey: Guid(0557703d3791a4286a62f8ee709d5bef) Importer(815301076,1909f56bfc062723c751e8b465ee728b)
Start importing Assets/shaders/Package/AmplifyShaderEditor/Examples/Community/LowPolyWater/LowPolyWater.mat using Guid(0557703d3791a4286a62f8ee709d5bef) Importer(815301076,1909f56bfc062723c751e8b465ee728b)  -> (artifact id: '6de1703f9b83e2aa6ca02eb6b6d8b966') in 0.051150 seconds
  Import took 0.056567 seconds .

========================================================================
Received Import Request.
  Time since last request: 0.000452 seconds.
  path: Assets/shaders/Package/AmplifyShaderEditor/Examples/Community/LowPolyWater/LowPolyWater.shader
  artifactKey: Guid(62c4b9a8441c640a892d4019d8ae3e42) Importer(815301076,1909f56bfc062723c751e8b465ee728b)
Start importing Assets/shaders/Package/AmplifyShaderEditor/Examples/Community/LowPolyWater/LowPolyWater.shader using Guid(62c4b9a8441c640a892d4019d8ae3e42) Importer(815301076,1909f56bfc062723c751e8b465ee728b)  -> (artifact id: 'bba55498862f7947435359cedf322251') in 0.004770 seconds
  Import took 0.012032 seconds .

========================================================================
Received Import Request.
  Time since last request: 0.000455 seconds.
  path: Assets/shaders/Package/AmplifyShaderEditor/Examples/Community/LowPolyWater/Credits.txt
  artifactKey: Guid(a7e35e005d35003478c8618e72a72879) Importer(815301076,1909f56bfc062723c751e8b465ee728b)
Start importing Assets/shaders/Package/AmplifyShaderEditor/Examples/Community/LowPolyWater/Credits.txt using Guid(a7e35e005d35003478c8618e72a72879) Importer(815301076,1909f56bfc062723c751e8b465ee728b)  -> (artifact id: '2341040ba5ac406157e37082452ffb15') in 0.004351 seconds
  Import took 0.010671 seconds .

========================================================================
Received Import Request.
  Time since last request: 0.000333 seconds.
  path: Assets/shaders/Package/AmplifyShaderEditor/Examples/Community/LowPolyWater/LowPolyWater.unity
  artifactKey: Guid(3d9589831133e4ce0b09dd6cd7e5d807) Importer(815301076,1909f56bfc062723c751e8b465ee728b)
Start importing Assets/shaders/Package/AmplifyShaderEditor/Examples/Community/LowPolyWater/LowPolyWater.unity using Guid(3d9589831133e4ce0b09dd6cd7e5d807) Importer(815301076,1909f56bfc062723c751e8b465ee728b)  -> (artifact id: 'efce084436bc5470f592ae8b3593d17c') in 0.012684 seconds
  Import took 0.020670 seconds .

========================================================================
Received Import Request.
  Time since last request: 141.025115 seconds.
  path: Assets/shaders/Package/AmplifyShaderEditor/Examples/Community/HologramSimple/Credits.txt
  artifactKey: Guid(0535a40afa2283044b9d9ede6fdd627a) Importer(815301076,1909f56bfc062723c751e8b465ee728b)
Start importing Assets/shaders/Package/AmplifyShaderEditor/Examples/Community/HologramSimple/Credits.txt using Guid(0535a40afa2283044b9d9ede6fdd627a) Importer(815301076,1909f56bfc062723c751e8b465ee728b)  -> (artifact id: 'b537a15c5a5d0ea4052c439e75e1aba1') in 0.004977 seconds
  Import took 0.012719 seconds .

========================================================================
Received Import Request.
  Time since last request: 0.000577 seconds.
  path: Assets/shaders/Package/AmplifyShaderEditor/Examples/Community/HologramSimple/Hologram.unity
  artifactKey: Guid(55f3fc71352082546953f63181083e28) Importer(815301076,1909f56bfc062723c751e8b465ee728b)
Start importing Assets/shaders/Package/AmplifyShaderEditor/Examples/Community/HologramSimple/Hologram.unity using Guid(55f3fc71352082546953f63181083e28) Importer(815301076,1909f56bfc062723c751e8b465ee728b)  -> (artifact id: '45fabafaecb7d3c52c0fe1fa6cd6f82c') in 0.011343 seconds
  Import took 0.018825 seconds .

========================================================================
Received Import Request.
  Time since last request: 0.000739 seconds.
  path: Assets/shaders/Package/AmplifyShaderEditor/Examples/Community/HologramSimple/Hologram Simple.mat
  artifactKey: Guid(b422c600f1c3941b8bc7e95db33476ad) Importer(815301076,1909f56bfc062723c751e8b465ee728b)
Start importing Assets/shaders/Package/AmplifyShaderEditor/Examples/Community/HologramSimple/Hologram Simple.mat using Guid(b422c600f1c3941b8bc7e95db33476ad) Importer(815301076,1909f56bfc062723c751e8b465ee728b)  -> (artifact id: '608dae8e274241d68dc9ced1df2e01ca') in 0.359088 seconds
  Import took 0.364526 seconds .

========================================================================
Received Import Request.
  Time since last request: 0.000318 seconds.
  path: Assets/shaders/Package/AmplifyShaderEditor/Examples/Community/HologramSimple/Credits.txt
  artifactKey: Guid(0535a40afa2283044b9d9ede6fdd627a) Importer(815301076,1909f56bfc062723c751e8b465ee728b)
Start importing Assets/shaders/Package/AmplifyShaderEditor/Examples/Community/HologramSimple/Credits.txt using Guid(0535a40afa2283044b9d9ede6fdd627a) Importer(815301076,1909f56bfc062723c751e8b465ee728b)  -> (artifact id: 'b537a15c5a5d0ea4052c439e75e1aba1') in 0.005784 seconds
  Import took 0.011464 seconds .

========================================================================
Received Import Request.
  Time since last request: 562.909403 seconds.
  path: Assets/shaders/stuf/Water/MA_WaterShrine.mat
  artifactKey: Guid(cf73a01a2a98ea74d8b871f1203fa133) Importer(815301076,1909f56bfc062723c751e8b465ee728b)
Start importing Assets/shaders/stuf/Water/MA_WaterShrine.mat using Guid(cf73a01a2a98ea74d8b871f1203fa133) Importer(815301076,1909f56bfc062723c751e8b465ee728b)  -> (artifact id: 'bc6f7e2ab679304156588edbec7212bc') in 0.027947 seconds
  Import took 0.036567 seconds .

========================================================================
Received Import Request.
  Time since last request: 59.115702 seconds.
  path: Assets/shaders/stuf/Water/MA_WaterShrine.mat
  artifactKey: Guid(cf73a01a2a98ea74d8b871f1203fa133) Importer(815301076,1909f56bfc062723c751e8b465ee728b)
Start importing Assets/shaders/stuf/Water/MA_WaterShrine.mat using Guid(cf73a01a2a98ea74d8b871f1203fa133) Importer(815301076,1909f56bfc062723c751e8b465ee728b)  -> (artifact id: 'bbbfd83828056cc4f9d3b06c9103f1ca') in 0.033173 seconds
  Import took 0.042226 seconds .

========================================================================
Received Import Request.
  Time since last request: 15.912073 seconds.
  path: Assets/shaders/stuf/Water/MA_WaterShrine.mat
  artifactKey: Guid(cf73a01a2a98ea74d8b871f1203fa133) Importer(815301076,1909f56bfc062723c751e8b465ee728b)
Start importing Assets/shaders/stuf/Water/MA_WaterShrine.mat using Guid(cf73a01a2a98ea74d8b871f1203fa133) Importer(815301076,1909f56bfc062723c751e8b465ee728b)  -> (artifact id: '3f551a24f47d566192b3088e72a373cd') in 0.042843 seconds
  Import took 0.050304 seconds .

========================================================================
Received Prepare
Reloading mono domain
Begin MonoManager ReloadAssembly
Registering precompiled unity dll's ...
Register platform support module: C:/Program Files/Unity/Hub/Editor/2020.2.0b6/Editor/Data/PlaybackEngines/WindowsStandaloneSupport/UnityEditor.WindowsStandalone.Extensions.dll
Registered in 0.002792 seconds.
Symbol file LoadedFromMemory doesn't match image C:\Users\mijst\Documents\GitHub\HKU J1 P2\Bulding playfolWorld\playfull word\Library\PackageCache\com.unity.ext.nunit@1.0.0\net35\unity-custom\nunit.framework.dll
Native extension for WindowsStandalone target not found
Refreshing native plugins compatible for Editor in 98.32 ms, found 0 plugins.
Preloading 0 native plugins for Editor in 0.00 ms.
Invoked RoslynAnalysisRunner static constructor.
RoslynAnalysisRunner will not be running.
RoslynAnalysisRunner has terminated.
Mono: successfully reloaded assembly
- Completed reload, in  1.571 seconds
Platform modules already initialized, skipping
Registering precompiled user dll's ...
Registered in 0.002644 seconds.
Begin MonoManager ReloadAssembly
Symbol file LoadedFromMemory doesn't match image C:\Users\mijst\Documents\GitHub\HKU J1 P2\Bulding playfolWorld\playfull word\Library\PackageCache\com.unity.ext.nunit@1.0.0\net35\unity-custom\nunit.framework.dll
Native extension for WindowsStandalone target not found
Refreshing native plugins compatible for Editor in 1.36 ms, found 0 plugins.
Preloading 0 native plugins for Editor in 0.00 ms.
Invoked RoslynAnalysisRunner static constructor.
RoslynAnalysisRunner will not be running.
RoslynAnalysisRunner has terminated.
Mono: successfully reloaded assembly
- Completed reload, in  1.516 seconds
Platform modules already initialized, skipping
Shader 'ASESampleShaders/Terrain/TerrainSnowCoverageFirstPass': dependency 'BaseMapShader' shader 'ASESampleShaders/TerrainBase' not found
Refreshing native plugins compatible for Editor in 0.61 ms, found 0 plugins.
Preloading 0 native plugins for Editor in 0.00 ms.
Unloading 12 Unused Serialized files (Serialized files now loaded: 0)
System memory in use before: 132.1 MB.
System memory in use after: 130.1 MB.

Unloading 11 unused Assets to reduce memory usage. Loaded Objects now: 2584.
Total: 4.204300 ms (FindLiveObjects: 0.491200 ms CreateObjectMapping: 0.117100 ms MarkObjects: 1.746500 ms  DeleteObjects: 1.848100 ms)

========================================================================
Received Prepare
Reloading mono domain
Begin MonoManager ReloadAssembly
Registering precompiled unity dll's ...
Register platform support module: C:/Program Files/Unity/Hub/Editor/2020.2.0b6/Editor/Data/PlaybackEngines/WindowsStandaloneSupport/UnityEditor.WindowsStandalone.Extensions.dll
Registered in 0.002145 seconds.
Symbol file LoadedFromMemory doesn't match image C:\Users\mijst\Documents\GitHub\HKU J1 P2\Bulding playfolWorld\playfull word\Library\PackageCache\com.unity.ext.nunit@1.0.0\net35\unity-custom\nunit.framework.dll
Native extension for WindowsStandalone target not found
Refreshing native plugins compatible for Editor in 86.67 ms, found 0 plugins.
Preloading 0 native plugins for Editor in 0.00 ms.
Invoked RoslynAnalysisRunner static constructor.
RoslynAnalysisRunner will not be running.
RoslynAnalysisRunner has terminated.
Mono: successfully reloaded assembly
- Completed reload, in  1.376 seconds
Platform modules already initialized, skipping
Registering precompiled user dll's ...
Registered in 0.001275 seconds.
Begin MonoManager ReloadAssembly
Symbol file LoadedFromMemory doesn't match image C:\Users\mijst\Documents\GitHub\HKU J1 P2\Bulding playfolWorld\playfull word\Library\PackageCache\com.unity.ext.nunit@1.0.0\net35\unity-custom\nunit.framework.dll
Native extension for WindowsStandalone target not found
Refreshing native plugins compatible for Editor in 0.54 ms, found 0 plugins.
Preloading 0 native plugins for Editor in 0.00 ms.
Invoked RoslynAnalysisRunner static constructor.
RoslynAnalysisRunner will not be running.
RoslynAnalysisRunner has terminated.
Mono: successfully reloaded assembly
- Completed reload, in  1.005 seconds
Platform modules already initialized, skipping
Shader 'ASESampleShaders/Terrain/TerrainSnowCoverageFirstPass': dependency 'BaseMapShader' shader 'ASESampleShaders/TerrainBase' not found
Refreshing native plugins compatible for Editor in 1.77 ms, found 0 plugins.
Preloading 0 native plugins for Editor in 0.00 ms.
Unloading 12 Unused Serialized files (Serialized files now loaded: 0)
System memory in use before: 132.1 MB.
System memory in use after: 130.1 MB.

Unloading 11 unused Assets to reduce memory usage. Loaded Objects now: 2588.
Total: 5.307700 ms (FindLiveObjects: 0.735400 ms CreateObjectMapping: 0.276400 ms MarkObjects: 2.143000 ms  DeleteObjects: 2.151400 ms)

========================================================================
Received Prepare
Reloading mono domain
Begin MonoManager ReloadAssembly
Registering precompiled unity dll's ...
Register platform support module: C:/Program Files/Unity/Hub/Editor/2020.2.0b6/Editor/Data/PlaybackEngines/WindowsStandaloneSupport/UnityEditor.WindowsStandalone.Extensions.dll
Registered in 0.002507 seconds.
Symbol file LoadedFromMemory doesn't match image C:\Users\mijst\Documents\GitHub\HKU J1 P2\Bulding playfolWorld\playfull word\Library\PackageCache\com.unity.ext.nunit@1.0.0\net35\unity-custom\nunit.framework.dll
Native extension for WindowsStandalone target not found
Refreshing native plugins compatible for Editor in 102.97 ms, found 0 plugins.
Preloading 0 native plugins for Editor in 0.00 ms.
Invoked RoslynAnalysisRunner static constructor.
RoslynAnalysisRunner will not be running.
RoslynAnalysisRunner has terminated.
Mono: successfully reloaded assembly
- Completed reload, in  1.622 seconds
Platform modules already initialized, skipping
Registering precompiled user dll's ...
Registered in 0.001326 seconds.
Begin MonoManager ReloadAssembly
Symbol file LoadedFromMemory doesn't match image C:\Users\mijst\Documents\GitHub\HKU J1 P2\Bulding playfolWorld\playfull word\Library\PackageCache\com.unity.ext.nunit@1.0.0\net35\unity-custom\nunit.framework.dll
Native extension for WindowsStandalone target not found
Refreshing native plugins compatible for Editor in 0.70 ms, found 0 plugins.
Preloading 0 native plugins for Editor in 0.00 ms.
Invoked RoslynAnalysisRunner static constructor.
RoslynAnalysisRunner will not be running.
RoslynAnalysisRunner has terminated.
Mono: successfully reloaded assembly
- Completed reload, in  1.299 seconds
Platform modules already initialized, skipping
Shader 'ASESampleShaders/Terrain/TerrainSnowCoverageFirstPass': dependency 'BaseMapShader' shader 'ASESampleShaders/TerrainBase' not found
Refreshing native plugins compatible for Editor in 0.62 ms, found 0 plugins.
Preloading 0 native plugins for Editor in 0.00 ms.
Unloading 12 Unused Serialized files (Serialized files now loaded: 0)
System memory in use before: 132.1 MB.
System memory in use after: 130.1 MB.

Unloading 11 unused Assets to reduce memory usage. Loaded Objects now: 2592.
Total: 6.719600 ms (FindLiveObjects: 0.544300 ms CreateObjectMapping: 0.141400 ms MarkObjects: 3.089900 ms  DeleteObjects: 2.942000 ms)

========================================================================
Received Prepare
Reloading mono domain
Begin MonoManager ReloadAssembly
Registering precompiled unity dll's ...
Register platform support module: C:/Program Files/Unity/Hub/Editor/2020.2.0b6/Editor/Data/PlaybackEngines/WindowsStandaloneSupport/UnityEditor.WindowsStandalone.Extensions.dll
Registered in 0.002168 seconds.
Symbol file LoadedFromMemory doesn't match image C:\Users\mijst\Documents\GitHub\HKU J1 P2\Bulding playfolWorld\playfull word\Library\PackageCache\com.unity.ext.nunit@1.0.0\net35\unity-custom\nunit.framework.dll
Native extension for WindowsStandalone target not found
Refreshing native plugins compatible for Editor in 86.94 ms, found 0 plugins.
Preloading 0 native plugins for Editor in 0.00 ms.
Invoked RoslynAnalysisRunner static constructor.
RoslynAnalysisRunner will not be running.
RoslynAnalysisRunner has terminated.
Mono: successfully reloaded assembly
- Completed reload, in  1.500 seconds
Platform modules already initialized, skipping
Registering precompiled user dll's ...
Registered in 0.001921 seconds.
Begin MonoManager ReloadAssembly
Symbol file LoadedFromMemory doesn't match image C:\Users\mijst\Documents\GitHub\HKU J1 P2\Bulding playfolWorld\playfull word\Library\PackageCache\com.unity.ext.nunit@1.0.0\net35\unity-custom\nunit.framework.dll
Native extension for WindowsStandalone target not found
Refreshing native plugins compatible for Editor in 1.96 ms, found 0 plugins.
Preloading 0 native plugins for Editor in 0.00 ms.
Invoked RoslynAnalysisRunner static constructor.
RoslynAnalysisRunner will not be running.
RoslynAnalysisRunner has terminated.
Mono: successfully reloaded assembly
- Completed reload, in  1.532 seconds
Platform modules already initialized, skipping
Shader 'ASESampleShaders/Terrain/TerrainSnowCoverageFirstPass': dependency 'BaseMapShader' shader 'ASESampleShaders/TerrainBase' not found
Refreshing native plugins compatible for Editor in 0.65 ms, found 0 plugins.
Preloading 0 native plugins for Editor in 0.00 ms.
Unloading 12 Unused Serialized files (Serialized files now loaded: 0)
System memory in use before: 132.2 MB.
System memory in use after: 130.1 MB.

Unloading 11 unused Assets to reduce memory usage. Loaded Objects now: 2596.
Total: 5.284600 ms (FindLiveObjects: 0.782100 ms CreateObjectMapping: 0.187800 ms MarkObjects: 2.343700 ms  DeleteObjects: 1.969200 ms)

========================================================================
Received Import Request.
  Time since last request: 968.924009 seconds.
  path: Assets/shaders/stuf/Water/MA_WaterShrine.mat
  artifactKey: Guid(cf73a01a2a98ea74d8b871f1203fa133) Importer(815301076,1909f56bfc062723c751e8b465ee728b)
Start importing Assets/shaders/stuf/Water/MA_WaterShrine.mat using Guid(cf73a01a2a98ea74d8b871f1203fa133) Importer(815301076,1909f56bfc062723c751e8b465ee728b)  -> (artifact id: 'd2fcc8ff60491108849162c5d7c10dd9') in 0.237308 seconds
  Import took 0.249235 seconds .

========================================================================
Received Import Request.
  Time since last request: 78.756645 seconds.
  path: Assets/shaders/stuf/Water/MA_WaterShrine.mat
  artifactKey: Guid(cf73a01a2a98ea74d8b871f1203fa133) Importer(815301076,1909f56bfc062723c751e8b465ee728b)
Start importing Assets/shaders/stuf/Water/MA_WaterShrine.mat using Guid(cf73a01a2a98ea74d8b871f1203fa133) Importer(815301076,1909f56bfc062723c751e8b465ee728b)  -> (artifact id: '3569e81d099e6acad6d7c587696d3112') in 0.027940 seconds
  Import took 0.035424 seconds .

========================================================================
Received Import Request.
  Time since last request: 0.009316 seconds.
  path: Assets/shaders/stuf/Water/MA_WaterShrine.mat
  artifactKey: Guid(cf73a01a2a98ea74d8b871f1203fa133) Importer(815301076,1909f56bfc062723c751e8b465ee728b)
Start importing Assets/shaders/stuf/Water/MA_WaterShrine.mat using Guid(cf73a01a2a98ea74d8b871f1203fa133) Importer(815301076,1909f56bfc062723c751e8b465ee728b)  -> (artifact id: '3569e81d099e6acad6d7c587696d3112') in 0.021377 seconds
  Import took 0.029066 seconds .

========================================================================
Received Import Request.
  Time since last request: 476.259440 seconds.
  path: Assets/shaders/stuf/Water/MA_WaterShrine.mat
  artifactKey: Guid(cf73a01a2a98ea74d8b871f1203fa133) Importer(815301076,1909f56bfc062723c751e8b465ee728b)
Start importing Assets/shaders/stuf/Water/MA_WaterShrine.mat using Guid(cf73a01a2a98ea74d8b871f1203fa133) Importer(815301076,1909f56bfc062723c751e8b465ee728b)  -> (artifact id: 'a1e53337c326665acb6561f148979c19') in 0.022463 seconds
  Import took 0.031413 seconds .

========================================================================
Received Import Request.
  Time since last request: 101.167227 seconds.
  path: Assets/shaders/stuf/Water/MA_WaterShrine.mat
  artifactKey: Guid(cf73a01a2a98ea74d8b871f1203fa133) Importer(815301076,1909f56bfc062723c751e8b465ee728b)
Start importing Assets/shaders/stuf/Water/MA_WaterShrine.mat using Guid(cf73a01a2a98ea74d8b871f1203fa133) Importer(815301076,1909f56bfc062723c751e8b465ee728b)  -> (artifact id: 'd480b23befca109322a8bb9857386f67') in 0.031505 seconds
  Import took 0.038619 seconds .

========================================================================
Received Import Request.
  Time since last request: 0.004646 seconds.
  path: Assets/shaders/stuf/Water/MA_WaterShrine.mat
  artifactKey: Guid(cf73a01a2a98ea74d8b871f1203fa133) Importer(815301076,1909f56bfc062723c751e8b465ee728b)
Start importing Assets/shaders/stuf/Water/MA_WaterShrine.mat using Guid(cf73a01a2a98ea74d8b871f1203fa133) Importer(815301076,1909f56bfc062723c751e8b465ee728b)  -> (artifact id: 'd480b23befca109322a8bb9857386f67') in 0.018325 seconds
  Import took 0.026854 seconds .

========================================================================
Received Import Request.
  Time since last request: 84.113255 seconds.
  path: Assets/shaders/stuf/Water/MA_WaterShrine.mat
  artifactKey: Guid(cf73a01a2a98ea74d8b871f1203fa133) Importer(815301076,1909f56bfc062723c751e8b465ee728b)
Start importing Assets/shaders/stuf/Water/MA_WaterShrine.mat using Guid(cf73a01a2a98ea74d8b871f1203fa133) Importer(815301076,1909f56bfc062723c751e8b465ee728b)  -> (artifact id: '031d2db8b5e0c3146072ea1b4b46d565') in 0.024792 seconds
  Import took 0.031466 seconds .

========================================================================
Received Import Request.
  Time since last request: 590.703812 seconds.
  path: Assets/Art/bleu.mat
  artifactKey: Guid(7f039d14381211a4590f47c6ddae8f78) Importer(815301076,1909f56bfc062723c751e8b465ee728b)
Start importing Assets/Art/bleu.mat using Guid(7f039d14381211a4590f47c6ddae8f78) Importer(815301076,1909f56bfc062723c751e8b465ee728b)  -> (artifact id: 'f83ed68b699b3bfc08786ee61fa0be15') in 0.060744 seconds
  Import took 0.070076 seconds .

========================================================================
Received Import Request.
  Time since last request: 0.013851 seconds.
  path: Assets/Art/bleu.mat
  artifactKey: Guid(7f039d14381211a4590f47c6ddae8f78) Importer(815301076,1909f56bfc062723c751e8b465ee728b)
Start importing Assets/Art/bleu.mat using Guid(7f039d14381211a4590f47c6ddae8f78) Importer(815301076,1909f56bfc062723c751e8b465ee728b)  -> (artifact id: 'f83ed68b699b3bfc08786ee61fa0be15') in 0.024753 seconds
  Import took 0.031415 seconds .

========================================================================
Received Import Request.
  Time since last request: 2.110376 seconds.
  path: Assets/Art/prefab/SM_Envirment.prefab
  artifactKey: Guid(0a9baec770498434db8adef2721ba149) Importer(815301076,1909f56bfc062723c751e8b465ee728b)
Start importing Assets/Art/prefab/SM_Envirment.prefab using Guid(0a9baec770498434db8adef2721ba149) Importer(815301076,1909f56bfc062723c751e8b465ee728b)  -> (artifact id: '697af1a84b22dbf5df27f2602ee51f8c') in 0.122251 seconds
  Import took 0.130139 seconds .

========================================================================
Received Import Request.
  Time since last request: 0.000694 seconds.
  path: Assets/Art/prefab/SM_Lantern.prefab
  artifactKey: Guid(bf4773885e00fd74192b18cab8739b8b) Importer(815301076,1909f56bfc062723c751e8b465ee728b)
Start importing Assets/Art/prefab/SM_Lantern.prefab using Guid(bf4773885e00fd74192b18cab8739b8b) Importer(815301076,1909f56bfc062723c751e8b465ee728b)  -> (artifact id: 'c4be0b7be35f5f8e14515dc10c896c10') in 0.021289 seconds
  Import took 0.028382 seconds .

========================================================================
Received Prepare
Reloading mono domain
Begin MonoManager ReloadAssembly
Registering precompiled unity dll's ...
Register platform support module: C:/Program Files/Unity/Hub/Editor/2020.2.0b6/Editor/Data/PlaybackEngines/WindowsStandaloneSupport/UnityEditor.WindowsStandalone.Extensions.dll
Registered in 0.001971 seconds.
Symbol file LoadedFromMemory doesn't match image C:\Users\mijst\Documents\GitHub\HKU J1 P2\Bulding playfolWorld\playfull word\Library\PackageCache\com.unity.ext.nunit@1.0.0\net35\unity-custom\nunit.framework.dll
Native extension for WindowsStandalone target not found
Refreshing native plugins compatible for Editor in 78.75 ms, found 0 plugins.
Preloading 0 native plugins for Editor in 0.00 ms.
Invoked RoslynAnalysisRunner static constructor.
RoslynAnalysisRunner will not be running.
RoslynAnalysisRunner has terminated.
Mono: successfully reloaded assembly
- Completed reload, in  1.853 seconds
Platform modules already initialized, skipping
Registering precompiled user dll's ...
Registered in 0.003718 seconds.
Begin MonoManager ReloadAssembly
Symbol file LoadedFromMemory doesn't match image C:\Users\mijst\Documents\GitHub\HKU J1 P2\Bulding playfolWorld\playfull word\Library\PackageCache\com.unity.ext.nunit@1.0.0\net35\unity-custom\nunit.framework.dll
Native extension for WindowsStandalone target not found
Refreshing native plugins compatible for Editor in 0.54 ms, found 0 plugins.
Preloading 0 native plugins for Editor in 0.00 ms.
Invoked RoslynAnalysisRunner static constructor.
RoslynAnalysisRunner will not be running.
RoslynAnalysisRunner has terminated.
Mono: successfully reloaded assembly
- Completed reload, in  1.493 seconds
Platform modules already initialized, skipping
Shader 'ASESampleShaders/Terrain/TerrainSnowCoverageFirstPass': dependency 'BaseMapShader' shader 'ASESampleShaders/TerrainBase' not found
Refreshing native plugins compatible for Editor in 0.76 ms, found 0 plugins.
Preloading 0 native plugins for Editor in 0.00 ms.
Unloading 12 Unused Serialized files (Serialized files now loaded: 0)
System memory in use before: 132.3 MB.
System memory in use after: 130.2 MB.

Unloading 13 unused Assets to reduce memory usage. Loaded Objects now: 2601.
Total: 5.528300 ms (FindLiveObjects: 0.670600 ms CreateObjectMapping: 0.195500 ms MarkObjects: 2.370400 ms  DeleteObjects: 2.289500 ms)

========================================================================
Received Import Request.
  Time since last request: 347.364304 seconds.
  path: Assets/Code/C_WaterCol.cs
  artifactKey: Guid(aa4cfff7dda53ca499fdd9961844cf14) Importer(815301076,1909f56bfc062723c751e8b465ee728b)
Start importing Assets/Code/C_WaterCol.cs using Guid(aa4cfff7dda53ca499fdd9961844cf14) Importer(815301076,1909f56bfc062723c751e8b465ee728b)  -> (artifact id: '3bfb7bddaa593a79c518861ae884674d') in 0.021629 seconds
  Import took 0.028155 seconds .

========================================================================
Received Prepare
Reloading mono domain
Begin MonoManager ReloadAssembly
Registering precompiled unity dll's ...
Register platform support module: C:/Program Files/Unity/Hub/Editor/2020.2.0b6/Editor/Data/PlaybackEngines/WindowsStandaloneSupport/UnityEditor.WindowsStandalone.Extensions.dll
Registered in 0.002560 seconds.
Symbol file LoadedFromMemory doesn't match image C:\Users\mijst\Documents\GitHub\HKU J1 P2\Bulding playfolWorld\playfull word\Library\PackageCache\com.unity.ext.nunit@1.0.0\net35\unity-custom\nunit.framework.dll
Native extension for WindowsStandalone target not found
Refreshing native plugins compatible for Editor in 121.23 ms, found 0 plugins.
Preloading 0 native plugins for Editor in 0.00 ms.
Invoked RoslynAnalysisRunner static constructor.
RoslynAnalysisRunner will not be running.
RoslynAnalysisRunner has terminated.
Mono: successfully reloaded assembly
- Completed reload, in  2.453 seconds
Platform modules already initialized, skipping
Registering precompiled user dll's ...
Registered in 0.001932 seconds.
Begin MonoManager ReloadAssembly
Symbol file LoadedFromMemory doesn't match image C:\Users\mijst\Documents\GitHub\HKU J1 P2\Bulding playfolWorld\playfull word\Library\PackageCache\com.unity.ext.nunit@1.0.0\net35\unity-custom\nunit.framework.dll
Native extension for WindowsStandalone target not found
Refreshing native plugins compatible for Editor in 0.62 ms, found 0 plugins.
Preloading 0 native plugins for Editor in 0.00 ms.
Invoked RoslynAnalysisRunner static constructor.
RoslynAnalysisRunner will not be running.
RoslynAnalysisRunner has terminated.
Mono: successfully reloaded assembly
- Completed reload, in  1.724 seconds
Platform modules already initialized, skipping
Shader 'ASESampleShaders/Terrain/TerrainSnowCoverageFirstPass': dependency 'BaseMapShader' shader 'ASESampleShaders/TerrainBase' not found
Refreshing native plugins compatible for Editor in 0.57 ms, found 0 plugins.
Preloading 0 native plugins for Editor in 0.00 ms.
Unloading 12 Unused Serialized files (Serialized files now loaded: 0)
System memory in use before: 132.3 MB.
System memory in use after: 130.2 MB.

Unloading 11 unused Assets to reduce memory usage. Loaded Objects now: 2605.
Total: 5.530600 ms (FindLiveObjects: 0.876800 ms CreateObjectMapping: 0.259000 ms MarkObjects: 2.319400 ms  DeleteObjects: 2.073500 ms)

AssetImportWorkerClient::OnTransportError - code=2 error=End of file
