Using pre-set license
Built from '2020.2/staging' branch; Version is '2020.2.0b6 (24a0f8b56f72) revision 2400504'; Using compiler version '192528614'; Build Type 'Release'
OS: 'Windows 10  (10.0.0) 64bit' Language: 'en' Physical Memory: 7986 MB
BatchMode: 1, IsHumanControllingUs: 0, StartBugReporterOnCrash: 0, Is64bit: 1, IsPro: 0

 COMMAND LINE ARGUMENTS:
C:\Program Files\Unity\Hub\Editor\2020.2.0b6\Editor\Unity.exe
-adb2
-batchMode
-noUpm
-name
AssetImportWorker1
-projectPath
C:/Users/mijst/Documents/GitHub/HKU J1 P2/Bulding playfolWorld/playfull word
-logFile
Logs/AssetImportWorker1.log
-srvPort
53943
Successfully changed project path to: C:/Users/mijst/Documents/GitHub/HKU J1 P2/Bulding playfolWorld/playfull word
C:/Users/mijst/Documents/GitHub/HKU J1 P2/Bulding playfolWorld/playfull word
Using Asset Import Pipeline V2.
Refreshing native plugins compatible for Editor in 89.46 ms, found 0 plugins.
Preloading 0 native plugins for Editor in 0.00 ms.
Initialize engine version: 2020.2.0b6 (24a0f8b56f72)
[Subsystems] Discovering subsystems at path C:/Program Files/Unity/Hub/Editor/2020.2.0b6/Editor/Data/Resources/UnitySubsystems
[Subsystems] Discovering subsystems at path C:/Users/mijst/Documents/GitHub/HKU J1 P2/Bulding playfolWorld/playfull word/Assets
GfxDevice: creating device client; threaded=0
Direct3D:
    Version:  Direct3D 11.0 [level 11.0]
    Renderer: NVIDIA GeForce GTX 950M (ID=0x139a)
    Vendor:   
    VRAM:     2018 MB
    Driver:   21.21.13.7654
Shader 'ASESampleShaders/Terrain/TerrainSnowCoverageFirstPass': dependency 'BaseMapShader' shader 'ASESampleShaders/TerrainBase' not found
Initialize mono
Mono path[0] = 'C:/Program Files/Unity/Hub/Editor/2020.2.0b6/Editor/Data/Managed'
Mono path[1] = 'C:/Program Files/Unity/Hub/Editor/2020.2.0b6/Editor/Data/MonoBleedingEdge/lib/mono/unityjit'
Mono config path = 'C:/Program Files/Unity/Hub/Editor/2020.2.0b6/Editor/Data/MonoBleedingEdge/etc'
Using monoOptions --debugger-agent=transport=dt_socket,embedding=1,server=y,suspend=n,address=127.0.0.1:56636
Begin MonoManager ReloadAssembly
Registering precompiled unity dll's ...
Register platform support module: C:/Program Files/Unity/Hub/Editor/2020.2.0b6/Editor/Data/PlaybackEngines/WindowsStandaloneSupport/UnityEditor.WindowsStandalone.Extensions.dll
Registered in 0.003002 seconds.
Native extension for WindowsStandalone target not found
Refreshing native plugins compatible for Editor in 92.05 ms, found 0 plugins.
Preloading 0 native plugins for Editor in 0.00 ms.
Invoked RoslynAnalysisRunner static constructor.
RoslynAnalysisRunner will not be running.
RoslynAnalysisRunner has terminated.
Mono: successfully reloaded assembly
- Completed reload, in  2.873 seconds
Platform modules already initialized, skipping
Registering precompiled user dll's ...
Registered in 0.002166 seconds.
Begin MonoManager ReloadAssembly
Symbol file LoadedFromMemory doesn't match image C:\Users\mijst\Documents\GitHub\HKU J1 P2\Bulding playfolWorld\playfull word\Library\PackageCache\com.unity.ext.nunit@1.0.0\net35\unity-custom\nunit.framework.dll
Native extension for WindowsStandalone target not found
Refreshing native plugins compatible for Editor in 0.58 ms, found 0 plugins.
Preloading 0 native plugins for Editor in 0.00 ms.
Invoked RoslynAnalysisRunner static constructor.
RoslynAnalysisRunner will not be running.
RoslynAnalysisRunner has terminated.
Mono: successfully reloaded assembly
- Completed reload, in  1.356 seconds
Platform modules already initialized, skipping
========================================================================
Worker process is ready to serve import requests
Shader 'ASESampleShaders/Terrain/TerrainSnowCoverageFirstPass': dependency 'BaseMapShader' shader 'ASESampleShaders/TerrainBase' not found
Launched and connected shader compiler UnityShaderCompiler.exe after 0.08 seconds
Refreshing native plugins compatible for Editor in 0.54 ms, found 0 plugins.
Preloading 0 native plugins for Editor in 0.00 ms.
Unloading 2061 Unused Serialized files (Serialized files now loaded: 0)
System memory in use before: 188.3 MB.
System memory in use after: 186.2 MB.

Unloading 16 unused Assets to reduce memory usage. Loaded Objects now: 2527.
Total: 5.878500 ms (FindLiveObjects: 0.473200 ms CreateObjectMapping: 0.143200 ms MarkObjects: 3.147200 ms  DeleteObjects: 2.113300 ms)

========================================================================
Received Import Request.
  path: Assets/shaders/Package/AmplifyShaderEditor/Examples/Official/TerrainSnowCoverage/TerrainSnowCoverageSample.asset
  artifactKey: Guid(fad282d72d15a8d48971b8f6f8caf360) Importer(815301076,1909f56bfc062723c751e8b465ee728b)
Start importing Assets/shaders/Package/AmplifyShaderEditor/Examples/Official/TerrainSnowCoverage/TerrainSnowCoverageSample.asset using Guid(fad282d72d15a8d48971b8f6f8caf360) Importer(815301076,1909f56bfc062723c751e8b465ee728b) Received signal SIGSEGV
Stack trace:
0x00007ff7ab4a677a (Unity) CreateAssetToGUIDMappingV2
0x00007ff7ab41ce70 (Unity) AssetDatabase::CreateAssetToGUIDMapping
0x00007ff7aa266650 (Unity) SplatDatabase::CreateTerrainLayerAsset
0x00007ff7aa265230 (Unity) SplatDatabase::ConvertSplatsToTerrainLayers
0x00007ff7aa261254 (Unity) SplatDatabase::AwakeFromLoad
0x00007ff7aa2ac9da (Unity) TerrainData::AwakeFromLoad
0x00007ff7a9e1f6b3 (Unity) AwakeFromLoadQueue::InvokePersistentManagerAwake
0x00007ff7a9e20072 (Unity) AwakeFromLoadQueue::PersistentManagerAwakeFromLoad
0x00007ff7a9e201ea (Unity) AwakeFromLoadQueue::PersistentManagerAwakeFromLoad
0x00007ff7a9daf61e (Unity) PersistentManager::IntegrateAllThreadedObjects
0x00007ff7a9dafe07 (Unity) PersistentManager::LoadAndIntegrateAllPreallocatedObjects
0x00007ff7a9db3393 (Unity) PersistentManager::ReadObject
0x00007ff7ab4162b1 (Unity) WritePreviews
0x00007ff7ab41004f (Unity) PreviewImporter::GenerateAssetData
0x00007ff7ab515d4f (Unity) ImportToObjects
0x00007ff7ab514be3 (Unity) AssetImportWorker::Import
0x00007ff7ab47a1bf (Unity) <lambda_40324b201d90f93123b1e3a10b9016e3>::operator()
0x00007ff7ab53ef12 (Unity) asio::detail::completion_handler<core::mutable_function<void __cdecl(void)> >::do_complete
0x00007ff7ab541070 (Unity) asio::detail::win_iocp_io_service::do_one
0x00007ff7ab5447fe (Unity) asio::io_service::run
0x00007ff7ab4c0450 (Unity) RunAssetImportWorkerClientV2
0x00007ff7ab4c04a0 (Unity) RunAssetImporterV2
0x00007ff7aa9f5bfb (Unity) Application::InitializeProject
0x00007ff7ab355a32 (Unity) WinMain
0x00007ff7ad1580e6 (Unity) __scrt_common_main_seh
0x00007fffb4e27c24 (KERNEL32) BaseThreadInitThunk
0x00007fffb6cad4d1 (ntdll) RtlUserThreadStart

